<?xml version="1.0" encoding="UTF-8"?>
<!-- Generated by org.testng.reporters.JUnitReportReporter -->
<testsuite hostname="王楚" failures="0" tests="11" name="homework.ch11_13.AtomicComponentTest" time="0.000" errors="0" timestamp="30 3月 2020 11:40:07 GMT" skipped="0">
  <testcase classname="homework.ch11_13.AtomicComponentTest" name="testGetName" time="0.000"/>
  <testcase classname="homework.ch11_13.AtomicComponentTest" name="testAdd" time="0.000"/>
  <testcase classname="homework.ch11_13.AtomicComponentTest" name="testRemove" time="0.000"/>
  <testcase classname="homework.ch11_13.AtomicComponentTest" name="testGetPrice" time="0.000"/>
  <testcase classname="homework.ch11_13.AtomicComponentTest" name="testSetPrice" time="0.000"/>
  <testcase classname="homework.ch11_13.AtomicComponentTest" name="testCalcPrice" time="0.000"/>
  <testcase classname="homework.ch11_13.AtomicComponentTest" name="testIterator" time="0.000"/>
  <testcase classname="homework.ch11_13.AtomicComponentTest" name="testSetId" time="0.000"/>
  <testcase classname="homework.ch11_13.AtomicComponentTest" name="testGetId" time="0.000"/>
  <testcase classname="homework.ch11_13.AtomicComponentTest" name="testSetName" time="0.000"/>
  <testcase classname="homework.ch11_13.AtomicComponentTest" name="testTestToString" time="0.000"/>
</testsuite> <!-- homework.ch11_13.AtomicComponentTest -->
